<?xml version="1.0" encoding="UTF-8"?>
<!-- Generated by org.testng.reporters.JUnitReportReporter -->
<testsuite hostname="LAPTOP-BVBQF6TN" failures="0" tests="1" name="testcase.NewTest" time="16.797" errors="0" timestamp="2024-01-13T09:36:07 IST" skipped="0">
  <testcase classname="testcase.NewTest" name="f" time="16.797"/>
</testsuite> <!-- testcase.NewTest -->
