<?xml version="1.0" encoding="UTF-8"?>
<!-- Generated by org.testng.reporters.JUnitReportReporter -->
<testsuite hostname="LAPTOP-BVBQF6TN" failures="0" tests="1" name="com.inetbanking.testcases.TC_Logintest001" time="7.396" errors="0" timestamp="2024-01-13T20:44:36 IST" skipped="0">
  <testcase classname="com.inetbanking.testcases.TC_Logintest001" name="LoginTest" time="7.396"/>
</testsuite> <!-- com.inetbanking.testcases.TC_Logintest001 -->
