<?xml version="1.0" encoding="UTF-8"?>
<!-- Generated by org.testng.reporters.JUnitReportReporter -->
<testsuite hostname="LAPTOP-BVBQF6TN" failures="0" tests="1" name="testcase.NewTest" time="21.314" errors="0" timestamp="2024-01-13T09:45:36 IST" skipped="0">
  <testcase classname="testcase.NewTest" name="f" time="21.314"/>
</testsuite> <!-- testcase.NewTest -->
